0 info it worked if it ends with ok
1 verbose cli [
1 verbose cli   'C:\\Program Files\\nodejs\\node.exe',
1 verbose cli   'C:\\Program Files\\nodejs\\node_modules\\npm\\bin\\npm-cli.js',
1 verbose cli   'start'
1 verbose cli ]
2 info using npm@6.10.2
3 info using node@v12.9.0
4 verbose run-script [ 'prestart', 'start', 'poststart' ]
5 info lifecycle mern_shopping_list@1.0.0~prestart: mern_shopping_list@1.0.0
6 info lifecycle mern_shopping_list@1.0.0~start: mern_shopping_list@1.0.0
7 verbose lifecycle mern_shopping_list@1.0.0~start: unsafe-perm in lifecycle true
8 verbose lifecycle mern_shopping_list@1.0.0~start: PATH: C:\Program Files\nodejs\node_modules\npm\node_modules\npm-lifecycle\node-gyp-bin;C:\Users\This PC\Desktop\MERN_SHOPPING_LIST\node_modules\.bin;C:\Users\This PC\bin;C:\Program Files\Git\mingw64\bin;C:\Program Files\Git\usr\local\bin;C:\Program Files\Git\usr\bin;C:\Program Files\Git\usr\bin;C:\Program Files\Git\mingw64\bin;C:\Program Files\Git\usr\bin;C:\Users\This PC\bin;C:\WINDOWS\system32;C:\WINDOWS;C:\WINDOWS\System32\Wbem;C:\WINDOWS\System32\WindowsPowerShell\v1.0;C:\WINDOWS\System32\OpenSSH;C:\Program Files\Git\cmd;C:\Program Files\nodejs;C:\Program Files (x86)\Yarn\bin;C:\Users\This PC\AppData\Local\Android\Sdk\platform-tools;C:\Program Files\MongoDB\Server\4.2\bin;C:\Users\This PC\AppData\Local\Microsoft\WindowsApps;C:\Users\This PC\AppData\Local\Programs\Microsoft VS Code\bin;C:\Users\This PC\AppData\Roaming\npm;C:\Users\This PC\AppData\Local\Yarn\bin;C:\Program Files\Git\usr\bin\vendor_perl;C:\Program Files\Git\usr\bin\core_perl
9 verbose lifecycle mern_shopping_list@1.0.0~start: CWD: C:\Users\This PC\Desktop\MERN_SHOPPING_LIST
10 silly lifecycle mern_shopping_list@1.0.0~start: Args: [ '/d /s /c', 'node server.js' ]
11 silly lifecycle mern_shopping_list@1.0.0~start: Returned: code: 3221225786  signal: null
12 info lifecycle mern_shopping_list@1.0.0~start: Failed to exec start script
13 verbose stack Error: mern_shopping_list@1.0.0 start: `node server.js`
13 verbose stack Exit status 3221225786
13 verbose stack     at EventEmitter.<anonymous> (C:\Program Files\nodejs\node_modules\npm\node_modules\npm-lifecycle\index.js:326:16)
13 verbose stack     at EventEmitter.emit (events.js:209:13)
13 verbose stack     at ChildProcess.<anonymous> (C:\Program Files\nodejs\node_modules\npm\node_modules\npm-lifecycle\lib\spawn.js:55:14)
13 verbose stack     at ChildProcess.emit (events.js:209:13)
13 verbose stack     at maybeClose (internal/child_process.js:1021:16)
13 verbose stack     at Process.ChildProcess._handle.onexit (internal/child_process.js:283:5)
14 verbose pkgid mern_shopping_list@1.0.0
15 verbose cwd C:\Users\This PC\Desktop\MERN_SHOPPING_LIST
16 verbose Windows_NT 10.0.19041
17 verbose argv "C:\\Program Files\\nodejs\\node.exe" "C:\\Program Files\\nodejs\\node_modules\\npm\\bin\\npm-cli.js" "start"
18 verbose node v12.9.0
19 verbose npm  v6.10.2
20 error code ELIFECYCLE
21 error errno 3221225786
22 error mern_shopping_list@1.0.0 start: `node server.js`
22 error Exit status 3221225786
23 error Failed at the mern_shopping_list@1.0.0 start script.
23 error This is probably not a problem with npm. There is likely additional logging output above.
24 verbose exit [ 3221225786, true ]
